Determining if the pthread_create exist failed with the following output:
Change Dir: /home/fatih/bekci/build/CMakeFiles/CMakeTmp

Run Build Command:/usr/bin/make "cmTryCompileExec1470874957/fast"
/usr/bin/make -f CMakeFiles/cmTryCompileExec1470874957.dir/build.make CMakeFiles/cmTryCompileExec1470874957.dir/build
make[1]: Entering directory `/home/fatih/bekci/build/CMakeFiles/CMakeTmp'
/usr/bin/cmake -E cmake_progress_report /home/fatih/bekci/build/CMakeFiles/CMakeTmp/CMakeFiles 1
Building C object CMakeFiles/cmTryCompileExec1470874957.dir/CheckSymbolExists.c.o
/usr/bin/cc    -o CMakeFiles/cmTryCompileExec1470874957.dir/CheckSymbolExists.c.o   -c /home/fatih/bekci/build/CMakeFiles/CMakeTmp/CheckSymbolExists.c
Linking C executable cmTryCompileExec1470874957
/usr/bin/cmake -E cmake_link_script CMakeFiles/cmTryCompileExec1470874957.dir/link.txt --verbose=1
/usr/bin/cc       CMakeFiles/cmTryCompileExec1470874957.dir/CheckSymbolExists.c.o  -o cmTryCompileExec1470874957 -rdynamic 
CMakeFiles/cmTryCompileExec1470874957.dir/CheckSymbolExists.c.o: In function `main':
CheckSymbolExists.c:(.text+0x16): undefined reference to `pthread_create'
collect2: error: ld returned 1 exit status
make[1]: Leaving directory `/home/fatih/bekci/build/CMakeFiles/CMakeTmp'
make[1]: *** [cmTryCompileExec1470874957] Error 1
make: *** [cmTryCompileExec1470874957/fast] Error 2

File /home/fatih/bekci/build/CMakeFiles/CMakeTmp/CheckSymbolExists.c:
/* */
#include <pthread.h>

int main(int argc, char** argv)
{
  (void)argv;
#ifndef pthread_create
  return ((int*)(&pthread_create))[argc];
#else
  (void)argc;
  return 0;
#endif
}

Determining if the function pthread_create exists in the pthreads failed with the following output:
Change Dir: /home/fatih/bekci/build/CMakeFiles/CMakeTmp

Run Build Command:/usr/bin/make "cmTryCompileExec2873858878/fast"
/usr/bin/make -f CMakeFiles/cmTryCompileExec2873858878.dir/build.make CMakeFiles/cmTryCompileExec2873858878.dir/build
make[1]: Entering directory `/home/fatih/bekci/build/CMakeFiles/CMakeTmp'
/usr/bin/cmake -E cmake_progress_report /home/fatih/bekci/build/CMakeFiles/CMakeTmp/CMakeFiles 1
Building C object CMakeFiles/cmTryCompileExec2873858878.dir/CheckFunctionExists.c.o
/usr/bin/cc   -DCHECK_FUNCTION_EXISTS=pthread_create   -o CMakeFiles/cmTryCompileExec2873858878.dir/CheckFunctionExists.c.o   -c /usr/share/cmake-2.8/Modules/CheckFunctionExists.c
Linking C executable cmTryCompileExec2873858878
/usr/bin/cmake -E cmake_link_script CMakeFiles/cmTryCompileExec2873858878.dir/link.txt --verbose=1
/usr/bin/cc   -DCHECK_FUNCTION_EXISTS=pthread_create    CMakeFiles/cmTryCompileExec2873858878.dir/CheckFunctionExists.c.o  -o cmTryCompileExec2873858878 -rdynamic -lpthreads 
/usr/bin/ld: cannot find -lpthreads
collect2: error: ld returned 1 exit status
make[1]: *** [cmTryCompileExec2873858878] Error 1
make[1]: Leaving directory `/home/fatih/bekci/build/CMakeFiles/CMakeTmp'
make: *** [cmTryCompileExec2873858878/fast] Error 2


